<?xml version="1.0" encoding="UTF-8"?>
<!-- Generated by org.testng.reporters.JUnitReportReporter -->
<testsuite hostname="USER-PC" name="com.autoIt.FileUpload" tests="1" failures="0" timestamp="15 Mar 2019 08:48:55 GMT" time="14.530" errors="0">
  <testcase name="test" time="14.530" classname="com.autoIt.FileUpload"/>
</testsuite> <!-- com.autoIt.FileUpload -->
